The target system is: Linux -  - cortexa72
The host system is: Linux - 5.16.11-arch1-1-custom - x86_64
Compiling the CXX compiler identification source file "CMakeCXXCompilerId.cpp" succeeded.
Compiler: /Drive/.git_repo/qt6_toolchain/raspberrypi/sysroots/x86_64-pokysdk-linux/usr/bin/aarch64-poky-linux/aarch64-poky-linux-g++ 
Build flags: ;-O2;-pipe;-g;-feliminate-unused-debug-types;
Id flags: -c 

The output was:
0


Compilation of the CXX compiler identification source "CMakeCXXCompilerId.cpp" produced "CMakeCXXCompilerId.o"

The CXX compiler identification is GNU, found in "/Drive/.git_repo/Capstone/QT_Application/build-QT_Application-Rasberry_Pi_4-Debug/CMakeFiles/3.21.1/CompilerIdCXX/CMakeCXXCompilerId.o"

Detecting CXX compiler ABI info compiled with the following output:
Change Dir: /Drive/.git_repo/Capstone/QT_Application/build-QT_Application-Rasberry_Pi_4-Debug/CMakeFiles/CMakeTmp

Run Build Command(s):/Drive/.git_repo/qt6_toolchain/raspberrypi/sysroots/x86_64-pokysdk-linux/usr/bin/ninja cmTC_49ba9 && [1/2] Building CXX object CMakeFiles/cmTC_49ba9.dir/CMakeCXXCompilerABI.cpp.o
Using built-in specs.
COLLECT_GCC=/Drive/.git_repo/qt6_toolchain/raspberrypi/sysroots/x86_64-pokysdk-linux/usr/bin/aarch64-poky-linux/aarch64-poky-linux-g++
Target: aarch64-poky-linux
Configured with: ../../../../../../work-shared/gcc-11.2.0-r0/gcc-11.2.0/configure --build=x86_64-linux --host=x86_64-pokysdk-linux --target=aarch64-poky-linux --prefix=/usr/local/oe-sdk-hardcoded-buildpath/sysroots/x86_64-pokysdk-linux/usr --exec_prefix=/usr/local/oe-sdk-hardcoded-buildpath/sysroots/x86_64-pokysdk-linux/usr --bindir=/usr/local/oe-sdk-hardcoded-buildpath/sysroots/x86_64-pokysdk-linux/usr/bin/aarch64-poky-linux --sbindir=/usr/local/oe-sdk-hardcoded-buildpath/sysroots/x86_64-pokysdk-linux/usr/bin/aarch64-poky-linux --libexecdir=/usr/local/oe-sdk-hardcoded-buildpath/sysroots/x86_64-pokysdk-linux/usr/libexec/aarch64-poky-linux --datadir=/usr/local/oe-sdk-hardcoded-buildpath/sysroots/x86_64-pokysdk-linux/usr/share --sysconfdir=/usr/local/oe-sdk-hardcoded-buildpath/sysroots/x86_64-pokysdk-linux/etc --sharedstatedir=/usr/local/oe-sdk-hardcoded-buildpath/sysroots/x86_64-pokysdk-linux/com --localstatedir=/usr/local/oe-sdk-hardcoded-buildpath/sysroots/x86_64-pokysdk-linux/var --libdir=/usr/local/oe-sdk-hardcoded-buildpath/sysroots/x86_64-pokysdk-linux/usr/lib/aarch64-poky-linux --includedir=/usr/local/oe-sdk-hardcoded-buildpath/sysroots/x86_64-pokysdk-linux/usr/include --oldincludedir=/usr/local/oe-sdk-hardcoded-buildpath/sysroots/x86_64-pokysdk-linux/usr/include --infodir=/usr/local/oe-sdk-hardcoded-buildpath/sysroots/x86_64-pokysdk-linux/usr/share/info --mandir=/usr/local/oe-sdk-hardcoded-buildpath/sysroots/x86_64-pokysdk-linux/usr/share/man --disable-silent-rules --disable-dependency-tracking --with-libtool-sysroot=/Drive/.git_repo/yocto/poky/build/tmp/work/x86_64-nativesdk-pokysdk-linux/gcc-cross-canadian-aarch64/11.2.0-r0/recipe-sysroot --with-gnu-ld --enable-shared --enable-languages=c,c++ --enable-threads=posix --enable-multilib --enable-default-pie --enable-c99 --enable-long-long --enable-symvers=gnu --enable-libstdcxx-pch --program-prefix=aarch64-poky-linux- --without-local-prefix --disable-install-libiberty --disable-libssp --enable-libitm --enable-lto --disable-bootstrap --with-system-zlib --with-linker-hash-style=gnu --enable-linker-build-id --with-ppl=no --with-cloog=no --enable-checking=release --enable-cheaders=c_global --without-isl --with-gxx-include-dir=/not/exist/usr/include/c++/11.2.0 --with-build-time-tools=/Drive/.git_repo/yocto/poky/build/tmp/work/x86_64-nativesdk-pokysdk-linux/gcc-cross-canadian-aarch64/11.2.0-r0/recipe-sysroot-native/usr/aarch64-poky-linux/bin --with-sysroot=/not/exist --with-build-sysroot=/Drive/.git_repo/yocto/poky/build/tmp/work/x86_64-nativesdk-pokysdk-linux/gcc-cross-canadian-aarch64/11.2.0-r0/recipe-sysroot --enable-standard-branch-protection --enable-poison-system-directories --disable-static --enable-nls --with-glibc-version=2.28 --enable-initfini-array --enable-__cxa_atexit
Thread model: posix
Supported LTO compression algorithms: zlib zstd
gcc version 11.2.0 (GCC) 
COLLECT_GCC_OPTIONS='--sysroot=/Drive/.git_repo/qt6_toolchain/raspberrypi/sysroots/cortexa72-poky-linux' '-O2' '-pipe' '-g' '-feliminate-unused-debug-types' '-v' '-o' 'CMakeFiles/cmTC_49ba9.dir/CMakeCXXCompilerABI.cpp.o' '-c' '-shared-libgcc' '-mlittle-endian' '-mabi=lp64' '-dumpdir' 'CMakeFiles/cmTC_49ba9.dir/'
 /Drive/.git_repo/qt6_toolchain/raspberrypi/sysroots/x86_64-pokysdk-linux/usr/libexec/aarch64-poky-linux/gcc/aarch64-poky-linux/11.2.0/cc1plus -quiet -v -isysroot /Drive/.git_repo/qt6_toolchain/raspberrypi/sysroots/cortexa72-poky-linux -D_GNU_SOURCE /Drive/.git_repo/qt6_toolchain/raspberrypi/sysroots/x86_64-pokysdk-linux/usr/share/cmake-3.21/Modules/CMakeCXXCompilerABI.cpp -quiet -dumpdir CMakeFiles/cmTC_49ba9.dir/ -dumpbase CMakeCXXCompilerABI.cpp.cpp -dumpbase-ext .cpp -mlittle-endian -mabi=lp64 -g -O2 -version -feliminate-unused-debug-types -o - |
 /Drive/.git_repo/qt6_toolchain/raspberrypi/sysroots/x86_64-pokysdk-linux/usr/libexec/aarch64-poky-linux/gcc/aarch64-poky-linux/11.2.0/as -v --gdwarf-5 -EL -mabi=lp64 -o CMakeFiles/cmTC_49ba9.dir/CMakeCXXCompilerABI.cpp.o
GNU assembler version 2.37 (aarch64-poky-linux) using BFD version (GNU Binutils) 2.37.20210721
GNU C++17 (GCC) version 11.2.0 (aarch64-poky-linux)
	compiled by GNU C version 11.2.0, GMP version 6.2.1, MPFR version 4.1.0, MPC version 1.2.1, isl version none
GGC heuristics: --param ggc-min-expand=100 --param ggc-min-heapsize=131072
ignoring nonexistent directory "/Drive/.git_repo/qt6_toolchain/raspberrypi/sysroots/cortexa72-poky-linux/usr/lib/aarch64-poky-linux/11.2.0/include"
ignoring nonexistent directory "/Drive/.git_repo/qt6_toolchain/raspberrypi/sysroots/cortexa72-poky-linux/usr/local/include"
ignoring nonexistent directory "/Drive/.git_repo/qt6_toolchain/raspberrypi/sysroots/x86_64-pokysdk-linux/usr/lib/aarch64-poky-linux/gcc/aarch64-poky-linux/11.2.0/../../../../../aarch64-poky-linux/include"
#include "..." search starts here:
#include <...> search starts here:
 /Drive/.git_repo/qt6_toolchain/raspberrypi/sysroots/cortexa72-poky-linux/usr/include/c++/11.2.0
 /Drive/.git_repo/qt6_toolchain/raspberrypi/sysroots/cortexa72-poky-linux/usr/include/c++/11.2.0/aarch64-poky-linux
 /Drive/.git_repo/qt6_toolchain/raspberrypi/sysroots/cortexa72-poky-linux/usr/include/c++/11.2.0/backward
 /Drive/.git_repo/qt6_toolchain/raspberrypi/sysroots/x86_64-pokysdk-linux/usr/lib/aarch64-poky-linux/gcc/aarch64-poky-linux/11.2.0/include
 /Drive/.git_repo/qt6_toolchain/raspberrypi/sysroots/x86_64-pokysdk-linux/usr/lib/aarch64-poky-linux/gcc/aarch64-poky-linux/11.2.0/include-fixed
 /Drive/.git_repo/qt6_toolchain/raspberrypi/sysroots/cortexa72-poky-linux/usr/include/
End of search list.
GNU C++17 (GCC) version 11.2.0 (aarch64-poky-linux)
	compiled by GNU C version 11.2.0, GMP version 6.2.1, MPFR version 4.1.0, MPC version 1.2.1, isl version none
GGC heuristics: --param ggc-min-expand=100 --param ggc-min-heapsize=131072
Compiler executable checksum: 2eab63fbad519ba53864578f14681a5f
COMPILER_PATH=/Drive/.git_repo/qt6_toolchain/raspberrypi/sysroots/x86_64-pokysdk-linux/usr/libexec/aarch64-poky-linux/gcc/aarch64-poky-linux/11.2.0/:/Drive/.git_repo/qt6_toolchain/raspberrypi/sysroots/x86_64-pokysdk-linux/usr/libexec/aarch64-poky-linux/gcc/aarch64-poky-linux/11.2.0/:/Drive/.git_repo/qt6_toolchain/raspberrypi/sysroots/x86_64-pokysdk-linux/usr/libexec/aarch64-poky-linux/gcc/aarch64-poky-linux/:/Drive/.git_repo/qt6_toolchain/raspberrypi/sysroots/x86_64-pokysdk-linux/usr/lib/aarch64-poky-linux/gcc/aarch64-poky-linux/11.2.0/:/Drive/.git_repo/qt6_toolchain/raspberrypi/sysroots/x86_64-pokysdk-linux/usr/lib/aarch64-poky-linux/gcc/aarch64-poky-linux/
LIBRARY_PATH=/Drive/.git_repo/qt6_toolchain/raspberrypi/sysroots/x86_64-pokysdk-linux/usr/lib/aarch64-poky-linux/gcc/aarch64-poky-linux/11.2.0/:/Drive/.git_repo/qt6_toolchain/raspberrypi/sysroots/cortexa72-poky-linux/lib/:/Drive/.git_repo/qt6_toolchain/raspberrypi/sysroots/cortexa72-poky-linux/usr/lib/aarch64-poky-linux/11.2.0/:/Drive/.git_repo/qt6_toolchain/raspberrypi/sysroots/cortexa72-poky-linux/usr/lib/
COLLECT_GCC_OPTIONS='--sysroot=/Drive/.git_repo/qt6_toolchain/raspberrypi/sysroots/cortexa72-poky-linux' '-O2' '-pipe' '-g' '-feliminate-unused-debug-types' '-v' '-o' 'CMakeFiles/cmTC_49ba9.dir/CMakeCXXCompilerABI.cpp.o' '-c' '-shared-libgcc' '-mlittle-endian' '-mabi=lp64' '-dumpdir' 'CMakeFiles/cmTC_49ba9.dir/CMakeCXXCompilerABI.cpp.'
[2/2] Linking CXX executable cmTC_49ba9
Using built-in specs.
COLLECT_GCC=/Drive/.git_repo/qt6_toolchain/raspberrypi/sysroots/x86_64-pokysdk-linux/usr/bin/aarch64-poky-linux/aarch64-poky-linux-g++
COLLECT_LTO_WRAPPER=/Drive/.git_repo/qt6_toolchain/raspberrypi/sysroots/x86_64-pokysdk-linux/usr/libexec/aarch64-poky-linux/gcc/aarch64-poky-linux/11.2.0/lto-wrapper
Target: aarch64-poky-linux
Configured with: ../../../../../../work-shared/gcc-11.2.0-r0/gcc-11.2.0/configure --build=x86_64-linux --host=x86_64-pokysdk-linux --target=aarch64-poky-linux --prefix=/usr/local/oe-sdk-hardcoded-buildpath/sysroots/x86_64-pokysdk-linux/usr --exec_prefix=/usr/local/oe-sdk-hardcoded-buildpath/sysroots/x86_64-pokysdk-linux/usr --bindir=/usr/local/oe-sdk-hardcoded-buildpath/sysroots/x86_64-pokysdk-linux/usr/bin/aarch64-poky-linux --sbindir=/usr/local/oe-sdk-hardcoded-buildpath/sysroots/x86_64-pokysdk-linux/usr/bin/aarch64-poky-linux --libexecdir=/usr/local/oe-sdk-hardcoded-buildpath/sysroots/x86_64-pokysdk-linux/usr/libexec/aarch64-poky-linux --datadir=/usr/local/oe-sdk-hardcoded-buildpath/sysroots/x86_64-pokysdk-linux/usr/share --sysconfdir=/usr/local/oe-sdk-hardcoded-buildpath/sysroots/x86_64-pokysdk-linux/etc --sharedstatedir=/usr/local/oe-sdk-hardcoded-buildpath/sysroots/x86_64-pokysdk-linux/com --localstatedir=/usr/local/oe-sdk-hardcoded-buildpath/sysroots/x86_64-pokysdk-linux/var --libdir=/usr/local/oe-sdk-hardcoded-buildpath/sysroots/x86_64-pokysdk-linux/usr/lib/aarch64-poky-linux --includedir=/usr/local/oe-sdk-hardcoded-buildpath/sysroots/x86_64-pokysdk-linux/usr/include --oldincludedir=/usr/local/oe-sdk-hardcoded-buildpath/sysroots/x86_64-pokysdk-linux/usr/include --infodir=/usr/local/oe-sdk-hardcoded-buildpath/sysroots/x86_64-pokysdk-linux/usr/share/info --mandir=/usr/local/oe-sdk-hardcoded-buildpath/sysroots/x86_64-pokysdk-linux/usr/share/man --disable-silent-rules --disable-dependency-tracking --with-libtool-sysroot=/Drive/.git_repo/yocto/poky/build/tmp/work/x86_64-nativesdk-pokysdk-linux/gcc-cross-canadian-aarch64/11.2.0-r0/recipe-sysroot --with-gnu-ld --enable-shared --enable-languages=c,c++ --enable-threads=posix --enable-multilib --enable-default-pie --enable-c99 --enable-long-long --enable-symvers=gnu --enable-libstdcxx-pch --program-prefix=aarch64-poky-linux- --without-local-prefix --disable-install-libiberty --disable-libssp --enable-libitm --enable-lto --disable-bootstrap --with-system-zlib --with-linker-hash-style=gnu --enable-linker-build-id --with-ppl=no --with-cloog=no --enable-checking=release --enable-cheaders=c_global --without-isl --with-gxx-include-dir=/not/exist/usr/include/c++/11.2.0 --with-build-time-tools=/Drive/.git_repo/yocto/poky/build/tmp/work/x86_64-nativesdk-pokysdk-linux/gcc-cross-canadian-aarch64/11.2.0-r0/recipe-sysroot-native/usr/aarch64-poky-linux/bin --with-sysroot=/not/exist --with-build-sysroot=/Drive/.git_repo/yocto/poky/build/tmp/work/x86_64-nativesdk-pokysdk-linux/gcc-cross-canadian-aarch64/11.2.0-r0/recipe-sysroot --enable-standard-branch-protection --enable-poison-system-directories --disable-static --enable-nls --with-glibc-version=2.28 --enable-initfini-array --enable-__cxa_atexit
Thread model: posix
Supported LTO compression algorithms: zlib zstd
gcc version 11.2.0 (GCC) 
COMPILER_PATH=/Drive/.git_repo/qt6_toolchain/raspberrypi/sysroots/x86_64-pokysdk-linux/usr/libexec/aarch64-poky-linux/gcc/aarch64-poky-linux/11.2.0/:/Drive/.git_repo/qt6_toolchain/raspberrypi/sysroots/x86_64-pokysdk-linux/usr/libexec/aarch64-poky-linux/gcc/aarch64-poky-linux/11.2.0/:/Drive/.git_repo/qt6_toolchain/raspberrypi/sysroots/x86_64-pokysdk-linux/usr/libexec/aarch64-poky-linux/gcc/aarch64-poky-linux/:/Drive/.git_repo/qt6_toolchain/raspberrypi/sysroots/x86_64-pokysdk-linux/usr/lib/aarch64-poky-linux/gcc/aarch64-poky-linux/11.2.0/:/Drive/.git_repo/qt6_toolchain/raspberrypi/sysroots/x86_64-pokysdk-linux/usr/lib/aarch64-poky-linux/gcc/aarch64-poky-linux/
LIBRARY_PATH=/Drive/.git_repo/qt6_toolchain/raspberrypi/sysroots/x86_64-pokysdk-linux/usr/lib/aarch64-poky-linux/gcc/aarch64-poky-linux/11.2.0/:/Drive/.git_repo/qt6_toolchain/raspberrypi/sysroots/cortexa72-poky-linux/lib/:/Drive/.git_repo/qt6_toolchain/raspberrypi/sysroots/cortexa72-poky-linux/usr/lib/aarch64-poky-linux/11.2.0/:/Drive/.git_repo/qt6_toolchain/raspberrypi/sysroots/cortexa72-poky-linux/usr/lib/
COLLECT_GCC_OPTIONS='--sysroot=/Drive/.git_repo/qt6_toolchain/raspberrypi/sysroots/cortexa72-poky-linux' '-O2' '-pipe' '-g' '-feliminate-unused-debug-types' '-v' '-o' 'cmTC_49ba9' '-shared-libgcc' '-mlittle-endian' '-mabi=lp64' '-dumpdir' 'cmTC_49ba9.'
 /Drive/.git_repo/qt6_toolchain/raspberrypi/sysroots/x86_64-pokysdk-linux/usr/libexec/aarch64-poky-linux/gcc/aarch64-poky-linux/11.2.0/collect2 -plugin /Drive/.git_repo/qt6_toolchain/raspberrypi/sysroots/x86_64-pokysdk-linux/usr/libexec/aarch64-poky-linux/gcc/aarch64-poky-linux/11.2.0/liblto_plugin.so -plugin-opt=/Drive/.git_repo/qt6_toolchain/raspberrypi/sysroots/x86_64-pokysdk-linux/usr/libexec/aarch64-poky-linux/gcc/aarch64-poky-linux/11.2.0/lto-wrapper -plugin-opt=-fresolution=/tmp/cc74lTIT.res -plugin-opt=-pass-through=-lgcc_s -plugin-opt=-pass-through=-lgcc -plugin-opt=-pass-through=-lc -plugin-opt=-pass-through=-lgcc_s -plugin-opt=-pass-through=-lgcc --sysroot=/Drive/.git_repo/qt6_toolchain/raspberrypi/sysroots/cortexa72-poky-linux --build-id --eh-frame-hdr --hash-style=gnu -dynamic-linker /lib/ld-linux-aarch64.so.1 -X -EL -maarch64linux -pie -o cmTC_49ba9 /Drive/.git_repo/qt6_toolchain/raspberrypi/sysroots/cortexa72-poky-linux/usr/lib/Scrt1.o /Drive/.git_repo/qt6_toolchain/raspberrypi/sysroots/cortexa72-poky-linux/usr/lib/crti.o /Drive/.git_repo/qt6_toolchain/raspberrypi/sysroots/cortexa72-poky-linux/usr/lib/aarch64-poky-linux/11.2.0/crtbeginS.o -L/Drive/.git_repo/qt6_toolchain/raspberrypi/sysroots/x86_64-pokysdk-linux/usr/lib/aarch64-poky-linux/gcc/aarch64-poky-linux/11.2.0 -L/Drive/.git_repo/qt6_toolchain/raspberrypi/sysroots/cortexa72-poky-linux/lib -L/Drive/.git_repo/qt6_toolchain/raspberrypi/sysroots/cortexa72-poky-linux/usr/lib/aarch64-poky-linux/11.2.0 -L/Drive/.git_repo/qt6_toolchain/raspberrypi/sysroots/cortexa72-poky-linux/usr/lib -O1 --hash-style=gnu --as-needed -z relro -z now CMakeFiles/cmTC_49ba9.dir/CMakeCXXCompilerABI.cpp.o -lstdc++ -lm -lgcc_s -lgcc -lc -lgcc_s -lgcc /Drive/.git_repo/qt6_toolchain/raspberrypi/sysroots/cortexa72-poky-linux/usr/lib/aarch64-poky-linux/11.2.0/crtendS.o /Drive/.git_repo/qt6_toolchain/raspberrypi/sysroots/cortexa72-poky-linux/usr/lib/crtn.o
COLLECT_GCC_OPTIONS='--sysroot=/Drive/.git_repo/qt6_toolchain/raspberrypi/sysroots/cortexa72-poky-linux' '-O2' '-pipe' '-g' '-feliminate-unused-debug-types' '-v' '-o' 'cmTC_49ba9' '-shared-libgcc' '-mlittle-endian' '-mabi=lp64' '-dumpdir' 'cmTC_49ba9.'



Parsed CXX implicit include dir info from above output: rv=done
  found start of include info
  found start of implicit include info
    add: [/Drive/.git_repo/qt6_toolchain/raspberrypi/sysroots/cortexa72-poky-linux/usr/include/c++/11.2.0]
    add: [/Drive/.git_repo/qt6_toolchain/raspberrypi/sysroots/cortexa72-poky-linux/usr/include/c++/11.2.0/aarch64-poky-linux]
    add: [/Drive/.git_repo/qt6_toolchain/raspberrypi/sysroots/cortexa72-poky-linux/usr/include/c++/11.2.0/backward]
    add: [/Drive/.git_repo/qt6_toolchain/raspberrypi/sysroots/x86_64-pokysdk-linux/usr/lib/aarch64-poky-linux/gcc/aarch64-poky-linux/11.2.0/include]
    add: [/Drive/.git_repo/qt6_toolchain/raspberrypi/sysroots/x86_64-pokysdk-linux/usr/lib/aarch64-poky-linux/gcc/aarch64-poky-linux/11.2.0/include-fixed]
    add: [/Drive/.git_repo/qt6_toolchain/raspberrypi/sysroots/cortexa72-poky-linux/usr/include/]
  end of search list found
  collapse include dir [/Drive/.git_repo/qt6_toolchain/raspberrypi/sysroots/cortexa72-poky-linux/usr/include/c++/11.2.0] ==> [/Drive/.git_repo/qt6_toolchain/raspberrypi/sysroots/cortexa72-poky-linux/usr/include/c++/11.2.0]
  collapse include dir [/Drive/.git_repo/qt6_toolchain/raspberrypi/sysroots/cortexa72-poky-linux/usr/include/c++/11.2.0/aarch64-poky-linux] ==> [/Drive/.git_repo/qt6_toolchain/raspberrypi/sysroots/cortexa72-poky-linux/usr/include/c++/11.2.0/aarch64-poky-linux]
  collapse include dir [/Drive/.git_repo/qt6_toolchain/raspberrypi/sysroots/cortexa72-poky-linux/usr/include/c++/11.2.0/backward] ==> [/Drive/.git_repo/qt6_toolchain/raspberrypi/sysroots/cortexa72-poky-linux/usr/include/c++/11.2.0/backward]
  collapse include dir [/Drive/.git_repo/qt6_toolchain/raspberrypi/sysroots/x86_64-pokysdk-linux/usr/lib/aarch64-poky-linux/gcc/aarch64-poky-linux/11.2.0/include] ==> [/Drive/.git_repo/qt6_toolchain/raspberrypi/sysroots/x86_64-pokysdk-linux/usr/lib/aarch64-poky-linux/gcc/aarch64-poky-linux/11.2.0/include]
  collapse include dir [/Drive/.git_repo/qt6_toolchain/raspberrypi/sysroots/x86_64-pokysdk-linux/usr/lib/aarch64-poky-linux/gcc/aarch64-poky-linux/11.2.0/include-fixed] ==> [/Drive/.git_repo/qt6_toolchain/raspberrypi/sysroots/x86_64-pokysdk-linux/usr/lib/aarch64-poky-linux/gcc/aarch64-poky-linux/11.2.0/include-fixed]
  collapse include dir [/Drive/.git_repo/qt6_toolchain/raspberrypi/sysroots/cortexa72-poky-linux/usr/include/] ==> [/Drive/.git_repo/qt6_toolchain/raspberrypi/sysroots/cortexa72-poky-linux/usr/include]
  implicit include dirs: [/Drive/.git_repo/qt6_toolchain/raspberrypi/sysroots/cortexa72-poky-linux/usr/include/c++/11.2.0;/Drive/.git_repo/qt6_toolchain/raspberrypi/sysroots/cortexa72-poky-linux/usr/include/c++/11.2.0/aarch64-poky-linux;/Drive/.git_repo/qt6_toolchain/raspberrypi/sysroots/cortexa72-poky-linux/usr/include/c++/11.2.0/backward;/Drive/.git_repo/qt6_toolchain/raspberrypi/sysroots/x86_64-pokysdk-linux/usr/lib/aarch64-poky-linux/gcc/aarch64-poky-linux/11.2.0/include;/Drive/.git_repo/qt6_toolchain/raspberrypi/sysroots/x86_64-pokysdk-linux/usr/lib/aarch64-poky-linux/gcc/aarch64-poky-linux/11.2.0/include-fixed;/Drive/.git_repo/qt6_toolchain/raspberrypi/sysroots/cortexa72-poky-linux/usr/include]


Parsed CXX implicit link information from above output:
  link line regex: [^( *|.*[/\])(aarch64-poky-linux-ld|CMAKE_LINK_STARTFILE-NOTFOUND|([^/\]+-)?ld|collect2)[^/\]*( |$)]
  ignore line: [Change Dir: /Drive/.git_repo/Capstone/QT_Application/build-QT_Application-Rasberry_Pi_4-Debug/CMakeFiles/CMakeTmp]
  ignore line: []
  ignore line: [Run Build Command(s):/Drive/.git_repo/qt6_toolchain/raspberrypi/sysroots/x86_64-pokysdk-linux/usr/bin/ninja cmTC_49ba9 && [1/2] Building CXX object CMakeFiles/cmTC_49ba9.dir/CMakeCXXCompilerABI.cpp.o]
  ignore line: [Using built-in specs.]
  ignore line: [COLLECT_GCC=/Drive/.git_repo/qt6_toolchain/raspberrypi/sysroots/x86_64-pokysdk-linux/usr/bin/aarch64-poky-linux/aarch64-poky-linux-g++]
  ignore line: [Target: aarch64-poky-linux]
  ignore line: [Configured with: ../../../../../../work-shared/gcc-11.2.0-r0/gcc-11.2.0/configure --build=x86_64-linux --host=x86_64-pokysdk-linux --target=aarch64-poky-linux --prefix=/usr/local/oe-sdk-hardcoded-buildpath/sysroots/x86_64-pokysdk-linux/usr --exec_prefix=/usr/local/oe-sdk-hardcoded-buildpath/sysroots/x86_64-pokysdk-linux/usr --bindir=/usr/local/oe-sdk-hardcoded-buildpath/sysroots/x86_64-pokysdk-linux/usr/bin/aarch64-poky-linux --sbindir=/usr/local/oe-sdk-hardcoded-buildpath/sysroots/x86_64-pokysdk-linux/usr/bin/aarch64-poky-linux --libexecdir=/usr/local/oe-sdk-hardcoded-buildpath/sysroots/x86_64-pokysdk-linux/usr/libexec/aarch64-poky-linux --datadir=/usr/local/oe-sdk-hardcoded-buildpath/sysroots/x86_64-pokysdk-linux/usr/share --sysconfdir=/usr/local/oe-sdk-hardcoded-buildpath/sysroots/x86_64-pokysdk-linux/etc --sharedstatedir=/usr/local/oe-sdk-hardcoded-buildpath/sysroots/x86_64-pokysdk-linux/com --localstatedir=/usr/local/oe-sdk-hardcoded-buildpath/sysroots/x86_64-pokysdk-linux/var --libdir=/usr/local/oe-sdk-hardcoded-buildpath/sysroots/x86_64-pokysdk-linux/usr/lib/aarch64-poky-linux --includedir=/usr/local/oe-sdk-hardcoded-buildpath/sysroots/x86_64-pokysdk-linux/usr/include --oldincludedir=/usr/local/oe-sdk-hardcoded-buildpath/sysroots/x86_64-pokysdk-linux/usr/include --infodir=/usr/local/oe-sdk-hardcoded-buildpath/sysroots/x86_64-pokysdk-linux/usr/share/info --mandir=/usr/local/oe-sdk-hardcoded-buildpath/sysroots/x86_64-pokysdk-linux/usr/share/man --disable-silent-rules --disable-dependency-tracking --with-libtool-sysroot=/Drive/.git_repo/yocto/poky/build/tmp/work/x86_64-nativesdk-pokysdk-linux/gcc-cross-canadian-aarch64/11.2.0-r0/recipe-sysroot --with-gnu-ld --enable-shared --enable-languages=c,c++ --enable-threads=posix --enable-multilib --enable-default-pie --enable-c99 --enable-long-long --enable-symvers=gnu --enable-libstdcxx-pch --program-prefix=aarch64-poky-linux- --without-local-prefix --disable-install-libiberty --disable-libssp --enable-libitm --enable-lto --disable-bootstrap --with-system-zlib --with-linker-hash-style=gnu --enable-linker-build-id --with-ppl=no --with-cloog=no --enable-checking=release --enable-cheaders=c_global --without-isl --with-gxx-include-dir=/not/exist/usr/include/c++/11.2.0 --with-build-time-tools=/Drive/.git_repo/yocto/poky/build/tmp/work/x86_64-nativesdk-pokysdk-linux/gcc-cross-canadian-aarch64/11.2.0-r0/recipe-sysroot-native/usr/aarch64-poky-linux/bin --with-sysroot=/not/exist --with-build-sysroot=/Drive/.git_repo/yocto/poky/build/tmp/work/x86_64-nativesdk-pokysdk-linux/gcc-cross-canadian-aarch64/11.2.0-r0/recipe-sysroot --enable-standard-branch-protection --enable-poison-system-directories --disable-static --enable-nls --with-glibc-version=2.28 --enable-initfini-array --enable-__cxa_atexit]
  ignore line: [Thread model: posix]
  ignore line: [Supported LTO compression algorithms: zlib zstd]
  ignore line: [gcc version 11.2.0 (GCC) ]
  ignore line: [COLLECT_GCC_OPTIONS='--sysroot=/Drive/.git_repo/qt6_toolchain/raspberrypi/sysroots/cortexa72-poky-linux' '-O2' '-pipe' '-g' '-feliminate-unused-debug-types' '-v' '-o' 'CMakeFiles/cmTC_49ba9.dir/CMakeCXXCompilerABI.cpp.o' '-c' '-shared-libgcc' '-mlittle-endian' '-mabi=lp64' '-dumpdir' 'CMakeFiles/cmTC_49ba9.dir/']
  ignore line: [ /Drive/.git_repo/qt6_toolchain/raspberrypi/sysroots/x86_64-pokysdk-linux/usr/libexec/aarch64-poky-linux/gcc/aarch64-poky-linux/11.2.0/cc1plus -quiet -v -isysroot /Drive/.git_repo/qt6_toolchain/raspberrypi/sysroots/cortexa72-poky-linux -D_GNU_SOURCE /Drive/.git_repo/qt6_toolchain/raspberrypi/sysroots/x86_64-pokysdk-linux/usr/share/cmake-3.21/Modules/CMakeCXXCompilerABI.cpp -quiet -dumpdir CMakeFiles/cmTC_49ba9.dir/ -dumpbase CMakeCXXCompilerABI.cpp.cpp -dumpbase-ext .cpp -mlittle-endian -mabi=lp64 -g -O2 -version -feliminate-unused-debug-types -o - |]
  ignore line: [ /Drive/.git_repo/qt6_toolchain/raspberrypi/sysroots/x86_64-pokysdk-linux/usr/libexec/aarch64-poky-linux/gcc/aarch64-poky-linux/11.2.0/as -v --gdwarf-5 -EL -mabi=lp64 -o CMakeFiles/cmTC_49ba9.dir/CMakeCXXCompilerABI.cpp.o]
  ignore line: [GNU assembler version 2.37 (aarch64-poky-linux) using BFD version (GNU Binutils) 2.37.20210721]
  ignore line: [GNU C++17 (GCC) version 11.2.0 (aarch64-poky-linux)]
  ignore line: [	compiled by GNU C version 11.2.0  GMP version 6.2.1  MPFR version 4.1.0  MPC version 1.2.1  isl version none]
  ignore line: [GGC heuristics: --param ggc-min-expand=100 --param ggc-min-heapsize=131072]
  ignore line: [ignoring nonexistent directory "/Drive/.git_repo/qt6_toolchain/raspberrypi/sysroots/cortexa72-poky-linux/usr/lib/aarch64-poky-linux/11.2.0/include"]
  ignore line: [ignoring nonexistent directory "/Drive/.git_repo/qt6_toolchain/raspberrypi/sysroots/cortexa72-poky-linux/usr/local/include"]
  ignore line: [ignoring nonexistent directory "/Drive/.git_repo/qt6_toolchain/raspberrypi/sysroots/x86_64-pokysdk-linux/usr/lib/aarch64-poky-linux/gcc/aarch64-poky-linux/11.2.0/../../../../../aarch64-poky-linux/include"]
  ignore line: [#include "..." search starts here:]
  ignore line: [#include <...> search starts here:]
  ignore line: [ /Drive/.git_repo/qt6_toolchain/raspberrypi/sysroots/cortexa72-poky-linux/usr/include/c++/11.2.0]
  ignore line: [ /Drive/.git_repo/qt6_toolchain/raspberrypi/sysroots/cortexa72-poky-linux/usr/include/c++/11.2.0/aarch64-poky-linux]
  ignore line: [ /Drive/.git_repo/qt6_toolchain/raspberrypi/sysroots/cortexa72-poky-linux/usr/include/c++/11.2.0/backward]
  ignore line: [ /Drive/.git_repo/qt6_toolchain/raspberrypi/sysroots/x86_64-pokysdk-linux/usr/lib/aarch64-poky-linux/gcc/aarch64-poky-linux/11.2.0/include]
  ignore line: [ /Drive/.git_repo/qt6_toolchain/raspberrypi/sysroots/x86_64-pokysdk-linux/usr/lib/aarch64-poky-linux/gcc/aarch64-poky-linux/11.2.0/include-fixed]
  ignore line: [ /Drive/.git_repo/qt6_toolchain/raspberrypi/sysroots/cortexa72-poky-linux/usr/include/]
  ignore line: [End of search list.]
  ignore line: [GNU C++17 (GCC) version 11.2.0 (aarch64-poky-linux)]
  ignore line: [	compiled by GNU C version 11.2.0  GMP version 6.2.1  MPFR version 4.1.0  MPC version 1.2.1  isl version none]
  ignore line: [GGC heuristics: --param ggc-min-expand=100 --param ggc-min-heapsize=131072]
  ignore line: [Compiler executable checksum: 2eab63fbad519ba53864578f14681a5f]
  ignore line: [COMPILER_PATH=/Drive/.git_repo/qt6_toolchain/raspberrypi/sysroots/x86_64-pokysdk-linux/usr/libexec/aarch64-poky-linux/gcc/aarch64-poky-linux/11.2.0/:/Drive/.git_repo/qt6_toolchain/raspberrypi/sysroots/x86_64-pokysdk-linux/usr/libexec/aarch64-poky-linux/gcc/aarch64-poky-linux/11.2.0/:/Drive/.git_repo/qt6_toolchain/raspberrypi/sysroots/x86_64-pokysdk-linux/usr/libexec/aarch64-poky-linux/gcc/aarch64-poky-linux/:/Drive/.git_repo/qt6_toolchain/raspberrypi/sysroots/x86_64-pokysdk-linux/usr/lib/aarch64-poky-linux/gcc/aarch64-poky-linux/11.2.0/:/Drive/.git_repo/qt6_toolchain/raspberrypi/sysroots/x86_64-pokysdk-linux/usr/lib/aarch64-poky-linux/gcc/aarch64-poky-linux/]
  ignore line: [LIBRARY_PATH=/Drive/.git_repo/qt6_toolchain/raspberrypi/sysroots/x86_64-pokysdk-linux/usr/lib/aarch64-poky-linux/gcc/aarch64-poky-linux/11.2.0/:/Drive/.git_repo/qt6_toolchain/raspberrypi/sysroots/cortexa72-poky-linux/lib/:/Drive/.git_repo/qt6_toolchain/raspberrypi/sysroots/cortexa72-poky-linux/usr/lib/aarch64-poky-linux/11.2.0/:/Drive/.git_repo/qt6_toolchain/raspberrypi/sysroots/cortexa72-poky-linux/usr/lib/]
  ignore line: [COLLECT_GCC_OPTIONS='--sysroot=/Drive/.git_repo/qt6_toolchain/raspberrypi/sysroots/cortexa72-poky-linux' '-O2' '-pipe' '-g' '-feliminate-unused-debug-types' '-v' '-o' 'CMakeFiles/cmTC_49ba9.dir/CMakeCXXCompilerABI.cpp.o' '-c' '-shared-libgcc' '-mlittle-endian' '-mabi=lp64' '-dumpdir' 'CMakeFiles/cmTC_49ba9.dir/CMakeCXXCompilerABI.cpp.']
  ignore line: [[2/2] Linking CXX executable cmTC_49ba9]
  ignore line: [Using built-in specs.]
  ignore line: [COLLECT_GCC=/Drive/.git_repo/qt6_toolchain/raspberrypi/sysroots/x86_64-pokysdk-linux/usr/bin/aarch64-poky-linux/aarch64-poky-linux-g++]
  ignore line: [COLLECT_LTO_WRAPPER=/Drive/.git_repo/qt6_toolchain/raspberrypi/sysroots/x86_64-pokysdk-linux/usr/libexec/aarch64-poky-linux/gcc/aarch64-poky-linux/11.2.0/lto-wrapper]
  ignore line: [Target: aarch64-poky-linux]
  ignore line: [Configured with: ../../../../../../work-shared/gcc-11.2.0-r0/gcc-11.2.0/configure --build=x86_64-linux --host=x86_64-pokysdk-linux --target=aarch64-poky-linux --prefix=/usr/local/oe-sdk-hardcoded-buildpath/sysroots/x86_64-pokysdk-linux/usr --exec_prefix=/usr/local/oe-sdk-hardcoded-buildpath/sysroots/x86_64-pokysdk-linux/usr --bindir=/usr/local/oe-sdk-hardcoded-buildpath/sysroots/x86_64-pokysdk-linux/usr/bin/aarch64-poky-linux --sbindir=/usr/local/oe-sdk-hardcoded-buildpath/sysroots/x86_64-pokysdk-linux/usr/bin/aarch64-poky-linux --libexecdir=/usr/local/oe-sdk-hardcoded-buildpath/sysroots/x86_64-pokysdk-linux/usr/libexec/aarch64-poky-linux --datadir=/usr/local/oe-sdk-hardcoded-buildpath/sysroots/x86_64-pokysdk-linux/usr/share --sysconfdir=/usr/local/oe-sdk-hardcoded-buildpath/sysroots/x86_64-pokysdk-linux/etc --sharedstatedir=/usr/local/oe-sdk-hardcoded-buildpath/sysroots/x86_64-pokysdk-linux/com --localstatedir=/usr/local/oe-sdk-hardcoded-buildpath/sysroots/x86_64-pokysdk-linux/var --libdir=/usr/local/oe-sdk-hardcoded-buildpath/sysroots/x86_64-pokysdk-linux/usr/lib/aarch64-poky-linux --includedir=/usr/local/oe-sdk-hardcoded-buildpath/sysroots/x86_64-pokysdk-linux/usr/include --oldincludedir=/usr/local/oe-sdk-hardcoded-buildpath/sysroots/x86_64-pokysdk-linux/usr/include --infodir=/usr/local/oe-sdk-hardcoded-buildpath/sysroots/x86_64-pokysdk-linux/usr/share/info --mandir=/usr/local/oe-sdk-hardcoded-buildpath/sysroots/x86_64-pokysdk-linux/usr/share/man --disable-silent-rules --disable-dependency-tracking --with-libtool-sysroot=/Drive/.git_repo/yocto/poky/build/tmp/work/x86_64-nativesdk-pokysdk-linux/gcc-cross-canadian-aarch64/11.2.0-r0/recipe-sysroot --with-gnu-ld --enable-shared --enable-languages=c,c++ --enable-threads=posix --enable-multilib --enable-default-pie --enable-c99 --enable-long-long --enable-symvers=gnu --enable-libstdcxx-pch --program-prefix=aarch64-poky-linux- --without-local-prefix --disable-install-libiberty --disable-libssp --enable-libitm --enable-lto --disable-bootstrap --with-system-zlib --with-linker-hash-style=gnu --enable-linker-build-id --with-ppl=no --with-cloog=no --enable-checking=release --enable-cheaders=c_global --without-isl --with-gxx-include-dir=/not/exist/usr/include/c++/11.2.0 --with-build-time-tools=/Drive/.git_repo/yocto/poky/build/tmp/work/x86_64-nativesdk-pokysdk-linux/gcc-cross-canadian-aarch64/11.2.0-r0/recipe-sysroot-native/usr/aarch64-poky-linux/bin --with-sysroot=/not/exist --with-build-sysroot=/Drive/.git_repo/yocto/poky/build/tmp/work/x86_64-nativesdk-pokysdk-linux/gcc-cross-canadian-aarch64/11.2.0-r0/recipe-sysroot --enable-standard-branch-protection --enable-poison-system-directories --disable-static --enable-nls --with-glibc-version=2.28 --enable-initfini-array --enable-__cxa_atexit]
  ignore line: [Thread model: posix]
  ignore line: [Supported LTO compression algorithms: zlib zstd]
  ignore line: [gcc version 11.2.0 (GCC) ]
  ignore line: [COMPILER_PATH=/Drive/.git_repo/qt6_toolchain/raspberrypi/sysroots/x86_64-pokysdk-linux/usr/libexec/aarch64-poky-linux/gcc/aarch64-poky-linux/11.2.0/:/Drive/.git_repo/qt6_toolchain/raspberrypi/sysroots/x86_64-pokysdk-linux/usr/libexec/aarch64-poky-linux/gcc/aarch64-poky-linux/11.2.0/:/Drive/.git_repo/qt6_toolchain/raspberrypi/sysroots/x86_64-pokysdk-linux/usr/libexec/aarch64-poky-linux/gcc/aarch64-poky-linux/:/Drive/.git_repo/qt6_toolchain/raspberrypi/sysroots/x86_64-pokysdk-linux/usr/lib/aarch64-poky-linux/gcc/aarch64-poky-linux/11.2.0/:/Drive/.git_repo/qt6_toolchain/raspberrypi/sysroots/x86_64-pokysdk-linux/usr/lib/aarch64-poky-linux/gcc/aarch64-poky-linux/]
  ignore line: [LIBRARY_PATH=/Drive/.git_repo/qt6_toolchain/raspberrypi/sysroots/x86_64-pokysdk-linux/usr/lib/aarch64-poky-linux/gcc/aarch64-poky-linux/11.2.0/:/Drive/.git_repo/qt6_toolchain/raspberrypi/sysroots/cortexa72-poky-linux/lib/:/Drive/.git_repo/qt6_toolchain/raspberrypi/sysroots/cortexa72-poky-linux/usr/lib/aarch64-poky-linux/11.2.0/:/Drive/.git_repo/qt6_toolchain/raspberrypi/sysroots/cortexa72-poky-linux/usr/lib/]
  ignore line: [COLLECT_GCC_OPTIONS='--sysroot=/Drive/.git_repo/qt6_toolchain/raspberrypi/sysroots/cortexa72-poky-linux' '-O2' '-pipe' '-g' '-feliminate-unused-debug-types' '-v' '-o' 'cmTC_49ba9' '-shared-libgcc' '-mlittle-endian' '-mabi=lp64' '-dumpdir' 'cmTC_49ba9.']
  link line: [ /Drive/.git_repo/qt6_toolchain/raspberrypi/sysroots/x86_64-pokysdk-linux/usr/libexec/aarch64-poky-linux/gcc/aarch64-poky-linux/11.2.0/collect2 -plugin /Drive/.git_repo/qt6_toolchain/raspberrypi/sysroots/x86_64-pokysdk-linux/usr/libexec/aarch64-poky-linux/gcc/aarch64-poky-linux/11.2.0/liblto_plugin.so -plugin-opt=/Drive/.git_repo/qt6_toolchain/raspberrypi/sysroots/x86_64-pokysdk-linux/usr/libexec/aarch64-poky-linux/gcc/aarch64-poky-linux/11.2.0/lto-wrapper -plugin-opt=-fresolution=/tmp/cc74lTIT.res -plugin-opt=-pass-through=-lgcc_s -plugin-opt=-pass-through=-lgcc -plugin-opt=-pass-through=-lc -plugin-opt=-pass-through=-lgcc_s -plugin-opt=-pass-through=-lgcc --sysroot=/Drive/.git_repo/qt6_toolchain/raspberrypi/sysroots/cortexa72-poky-linux --build-id --eh-frame-hdr --hash-style=gnu -dynamic-linker /lib/ld-linux-aarch64.so.1 -X -EL -maarch64linux -pie -o cmTC_49ba9 /Drive/.git_repo/qt6_toolchain/raspberrypi/sysroots/cortexa72-poky-linux/usr/lib/Scrt1.o /Drive/.git_repo/qt6_toolchain/raspberrypi/sysroots/cortexa72-poky-linux/usr/lib/crti.o /Drive/.git_repo/qt6_toolchain/raspberrypi/sysroots/cortexa72-poky-linux/usr/lib/aarch64-poky-linux/11.2.0/crtbeginS.o -L/Drive/.git_repo/qt6_toolchain/raspberrypi/sysroots/x86_64-pokysdk-linux/usr/lib/aarch64-poky-linux/gcc/aarch64-poky-linux/11.2.0 -L/Drive/.git_repo/qt6_toolchain/raspberrypi/sysroots/cortexa72-poky-linux/lib -L/Drive/.git_repo/qt6_toolchain/raspberrypi/sysroots/cortexa72-poky-linux/usr/lib/aarch64-poky-linux/11.2.0 -L/Drive/.git_repo/qt6_toolchain/raspberrypi/sysroots/cortexa72-poky-linux/usr/lib -O1 --hash-style=gnu --as-needed -z relro -z now CMakeFiles/cmTC_49ba9.dir/CMakeCXXCompilerABI.cpp.o -lstdc++ -lm -lgcc_s -lgcc -lc -lgcc_s -lgcc /Drive/.git_repo/qt6_toolchain/raspberrypi/sysroots/cortexa72-poky-linux/usr/lib/aarch64-poky-linux/11.2.0/crtendS.o /Drive/.git_repo/qt6_toolchain/raspberrypi/sysroots/cortexa72-poky-linux/usr/lib/crtn.o]
    arg [/Drive/.git_repo/qt6_toolchain/raspberrypi/sysroots/x86_64-pokysdk-linux/usr/libexec/aarch64-poky-linux/gcc/aarch64-poky-linux/11.2.0/collect2] ==> ignore
    arg [-plugin] ==> ignore
    arg [/Drive/.git_repo/qt6_toolchain/raspberrypi/sysroots/x86_64-pokysdk-linux/usr/libexec/aarch64-poky-linux/gcc/aarch64-poky-linux/11.2.0/liblto_plugin.so] ==> ignore
    arg [-plugin-opt=/Drive/.git_repo/qt6_toolchain/raspberrypi/sysroots/x86_64-pokysdk-linux/usr/libexec/aarch64-poky-linux/gcc/aarch64-poky-linux/11.2.0/lto-wrapper] ==> ignore
    arg [-plugin-opt=-fresolution=/tmp/cc74lTIT.res] ==> ignore
    arg [-plugin-opt=-pass-through=-lgcc_s] ==> ignore
    arg [-plugin-opt=-pass-through=-lgcc] ==> ignore
    arg [-plugin-opt=-pass-through=-lc] ==> ignore
    arg [-plugin-opt=-pass-through=-lgcc_s] ==> ignore
    arg [-plugin-opt=-pass-through=-lgcc] ==> ignore
    arg [--sysroot=/Drive/.git_repo/qt6_toolchain/raspberrypi/sysroots/cortexa72-poky-linux] ==> ignore
    arg [--build-id] ==> ignore
    arg [--eh-frame-hdr] ==> ignore
    arg [--hash-style=gnu] ==> ignore
    arg [-dynamic-linker] ==> ignore
    arg [/lib/ld-linux-aarch64.so.1] ==> ignore
    arg [-X] ==> ignore
    arg [-EL] ==> ignore
    arg [-maarch64linux] ==> ignore
    arg [-pie] ==> ignore
    arg [-o] ==> ignore
    arg [cmTC_49ba9] ==> ignore
    arg [/Drive/.git_repo/qt6_toolchain/raspberrypi/sysroots/cortexa72-poky-linux/usr/lib/Scrt1.o] ==> obj [/Drive/.git_repo/qt6_toolchain/raspberrypi/sysroots/cortexa72-poky-linux/usr/lib/Scrt1.o]
    arg [/Drive/.git_repo/qt6_toolchain/raspberrypi/sysroots/cortexa72-poky-linux/usr/lib/crti.o] ==> obj [/Drive/.git_repo/qt6_toolchain/raspberrypi/sysroots/cortexa72-poky-linux/usr/lib/crti.o]
    arg [/Drive/.git_repo/qt6_toolchain/raspberrypi/sysroots/cortexa72-poky-linux/usr/lib/aarch64-poky-linux/11.2.0/crtbeginS.o] ==> obj [/Drive/.git_repo/qt6_toolchain/raspberrypi/sysroots/cortexa72-poky-linux/usr/lib/aarch64-poky-linux/11.2.0/crtbeginS.o]
    arg [-L/Drive/.git_repo/qt6_toolchain/raspberrypi/sysroots/x86_64-pokysdk-linux/usr/lib/aarch64-poky-linux/gcc/aarch64-poky-linux/11.2.0] ==> dir [/Drive/.git_repo/qt6_toolchain/raspberrypi/sysroots/x86_64-pokysdk-linux/usr/lib/aarch64-poky-linux/gcc/aarch64-poky-linux/11.2.0]
    arg [-L/Drive/.git_repo/qt6_toolchain/raspberrypi/sysroots/cortexa72-poky-linux/lib] ==> dir [/Drive/.git_repo/qt6_toolchain/raspberrypi/sysroots/cortexa72-poky-linux/lib]
    arg [-L/Drive/.git_repo/qt6_toolchain/raspberrypi/sysroots/cortexa72-poky-linux/usr/lib/aarch64-poky-linux/11.2.0] ==> dir [/Drive/.git_repo/qt6_toolchain/raspberrypi/sysroots/cortexa72-poky-linux/usr/lib/aarch64-poky-linux/11.2.0]
    arg [-L/Drive/.git_repo/qt6_toolchain/raspberrypi/sysroots/cortexa72-poky-linux/usr/lib] ==> dir [/Drive/.git_repo/qt6_toolchain/raspberrypi/sysroots/cortexa72-poky-linux/usr/lib]
    arg [-O1] ==> ignore
    arg [--hash-style=gnu] ==> ignore
    arg [--as-needed] ==> ignore
    arg [-zrelro] ==> ignore
    arg [-znow] ==> ignore
    arg [CMakeFiles/cmTC_49ba9.dir/CMakeCXXCompilerABI.cpp.o] ==> ignore
    arg [-lstdc++] ==> lib [stdc++]
    arg [-lm] ==> lib [m]
    arg [-lgcc_s] ==> lib [gcc_s]
    arg [-lgcc] ==> lib [gcc]
    arg [-lc] ==> lib [c]
    arg [-lgcc_s] ==> lib [gcc_s]
    arg [-lgcc] ==> lib [gcc]
    arg [/Drive/.git_repo/qt6_toolchain/raspberrypi/sysroots/cortexa72-poky-linux/usr/lib/aarch64-poky-linux/11.2.0/crtendS.o] ==> obj [/Drive/.git_repo/qt6_toolchain/raspberrypi/sysroots/cortexa72-poky-linux/usr/lib/aarch64-poky-linux/11.2.0/crtendS.o]
    arg [/Drive/.git_repo/qt6_toolchain/raspberrypi/sysroots/cortexa72-poky-linux/usr/lib/crtn.o] ==> obj [/Drive/.git_repo/qt6_toolchain/raspberrypi/sysroots/cortexa72-poky-linux/usr/lib/crtn.o]
  collapse library dir [/Drive/.git_repo/qt6_toolchain/raspberrypi/sysroots/x86_64-pokysdk-linux/usr/lib/aarch64-poky-linux/gcc/aarch64-poky-linux/11.2.0] ==> [/Drive/.git_repo/qt6_toolchain/raspberrypi/sysroots/x86_64-pokysdk-linux/usr/lib/aarch64-poky-linux/gcc/aarch64-poky-linux/11.2.0]
  collapse library dir [/Drive/.git_repo/qt6_toolchain/raspberrypi/sysroots/cortexa72-poky-linux/lib] ==> [/Drive/.git_repo/qt6_toolchain/raspberrypi/sysroots/cortexa72-poky-linux/lib]
  collapse library dir [/Drive/.git_repo/qt6_toolchain/raspberrypi/sysroots/cortexa72-poky-linux/usr/lib/aarch64-poky-linux/11.2.0] ==> [/Drive/.git_repo/qt6_toolchain/raspberrypi/sysroots/cortexa72-poky-linux/usr/lib/aarch64-poky-linux/11.2.0]
  collapse library dir [/Drive/.git_repo/qt6_toolchain/raspberrypi/sysroots/cortexa72-poky-linux/usr/lib] ==> [/Drive/.git_repo/qt6_toolchain/raspberrypi/sysroots/cortexa72-poky-linux/usr/lib]
  implicit libs: [stdc++;m;gcc_s;gcc;c;gcc_s;gcc]
  implicit objs: [/Drive/.git_repo/qt6_toolchain/raspberrypi/sysroots/cortexa72-poky-linux/usr/lib/Scrt1.o;/Drive/.git_repo/qt6_toolchain/raspberrypi/sysroots/cortexa72-poky-linux/usr/lib/crti.o;/Drive/.git_repo/qt6_toolchain/raspberrypi/sysroots/cortexa72-poky-linux/usr/lib/aarch64-poky-linux/11.2.0/crtbeginS.o;/Drive/.git_repo/qt6_toolchain/raspberrypi/sysroots/cortexa72-poky-linux/usr/lib/aarch64-poky-linux/11.2.0/crtendS.o;/Drive/.git_repo/qt6_toolchain/raspberrypi/sysroots/cortexa72-poky-linux/usr/lib/crtn.o]
  implicit dirs: [/Drive/.git_repo/qt6_toolchain/raspberrypi/sysroots/x86_64-pokysdk-linux/usr/lib/aarch64-poky-linux/gcc/aarch64-poky-linux/11.2.0;/Drive/.git_repo/qt6_toolchain/raspberrypi/sysroots/cortexa72-poky-linux/lib;/Drive/.git_repo/qt6_toolchain/raspberrypi/sysroots/cortexa72-poky-linux/usr/lib/aarch64-poky-linux/11.2.0;/Drive/.git_repo/qt6_toolchain/raspberrypi/sysroots/cortexa72-poky-linux/usr/lib]
  implicit fwks: []


Determining if the include file pthread.h exists passed with the following output:
Change Dir: /Drive/.git_repo/Capstone/QT_Application/build-QT_Application-Rasberry_Pi_4-Debug/CMakeFiles/CMakeTmp

Run Build Command(s):/Drive/.git_repo/qt6_toolchain/raspberrypi/sysroots/x86_64-pokysdk-linux/usr/bin/ninja cmTC_3702d && [1/2] Building CXX object CMakeFiles/cmTC_3702d.dir/CheckIncludeFile.cxx.o
[2/2] Linking CXX executable cmTC_3702d



Performing C++ SOURCE FILE Test CMAKE_HAVE_LIBC_PTHREAD succeeded with the following output:
Change Dir: /Drive/.git_repo/Capstone/QT_Application/build-QT_Application-Rasberry_Pi_4-Debug/CMakeFiles/CMakeTmp

Run Build Command(s):/Drive/.git_repo/qt6_toolchain/raspberrypi/sysroots/x86_64-pokysdk-linux/usr/bin/ninja cmTC_b4c35 && [1/2] Building CXX object CMakeFiles/cmTC_b4c35.dir/src.cxx.o
[2/2] Linking CXX executable cmTC_b4c35


Source file was:
#include <pthread.h>

static void* test_func(void* data)
{
  return data;
}

int main(void)
{
  pthread_t thread;
  pthread_create(&thread, NULL, test_func, NULL);
  pthread_detach(thread);
  pthread_cancel(thread);
  pthread_join(thread, NULL);
  pthread_atfork(NULL, NULL, NULL);
  pthread_exit(NULL);

  return 0;
}

Performing C++ SOURCE FILE Test HAVE_STDATOMIC succeeded with the following output:
Change Dir: /Drive/.git_repo/Capstone/QT_Application/build-QT_Application-Rasberry_Pi_4-Debug/CMakeFiles/CMakeTmp

Run Build Command(s):/Drive/.git_repo/qt6_toolchain/raspberrypi/sysroots/x86_64-pokysdk-linux/usr/bin/ninja cmTC_c72ad && [1/2] Building CXX object CMakeFiles/cmTC_c72ad.dir/src.cxx.o
[2/2] Linking CXX executable cmTC_c72ad


Source file was:
#include <atomic>
#include <cstdint>

void test(volatile std::atomic<std::int64_t> &a)
{
    std::int64_t v = a.load(std::memory_order_acquire);
    while (!a.compare_exchange_strong(v, v + 1,
                                      std::memory_order_acq_rel,
                                      std::memory_order_acquire)) {
        v = a.exchange(v - 1);
    }
    a.store(v + 1, std::memory_order_release);
}

int main(int, char **)
{
    void *ptr = (void*)0xffffffc0; // any random pointer
    test(*reinterpret_cast<std::atomic<std::int64_t> *>(ptr));
    return 0;
}
Performing C++ SOURCE FILE Test HAVE_EGL succeeded with the following output:
Change Dir: /Drive/.git_repo/Capstone/QT_Application/build-QT_Application-Rasberry_Pi_4-Debug/CMakeFiles/CMakeTmp

Run Build Command(s):/Drive/.git_repo/qt6_toolchain/raspberrypi/sysroots/x86_64-pokysdk-linux/usr/bin/ninja cmTC_ac1d9 && [1/2] Building CXX object CMakeFiles/cmTC_ac1d9.dir/src.cxx.o
[2/2] Linking CXX executable cmTC_ac1d9


Source file was:

#include <EGL/egl.h>

int main(int argc, char *argv[]) {
    EGLint x = 0; EGLDisplay dpy = 0; EGLContext ctx = 0;
    eglDestroyContext(dpy, ctx);
}
Performing C++ SOURCE FILE Test HAVE_GLESv2 succeeded with the following output:
Change Dir: /Drive/.git_repo/Capstone/QT_Application/build-QT_Application-Rasberry_Pi_4-Debug/CMakeFiles/CMakeTmp

Run Build Command(s):/Drive/.git_repo/qt6_toolchain/raspberrypi/sysroots/x86_64-pokysdk-linux/usr/bin/ninja cmTC_353a5 && [1/2] Building CXX object CMakeFiles/cmTC_353a5.dir/src.cxx.o
[2/2] Linking CXX executable cmTC_353a5


Source file was:

#ifdef __APPLE__
#  include <OpenGLES/ES2/gl.h>
#else
#  define GL_GLEXT_PROTOTYPES
#  include <GLES2/gl2.h>
#endif

int main(int argc, char *argv[]) {
    glUniform1f(1, GLfloat(1.0));
    glClear(GL_COLOR_BUFFER_BIT);
}
